  Emorec.cpp
D:\Projects\Emorec\drawLandmarks.hpp(30,64): warning C4244: аргумент: преобразование "const _Tp" в "_Tp", возможна потеря данных
          with
          [
              _Tp=float
          ]
          and
          [
              _Tp=int
          ]
D:\Projects\Emorec\drawLandmarks.hpp(30,48): warning C4244: аргумент: преобразование "const _Tp" в "_Tp", возможна потеря данных
          with
          [
              _Tp=float
          ]
          and
          [
              _Tp=int
          ]
  Создание кода
  Previous IPDB not found, fall back to full compilation.
  All 360 functions were compiled because no usable IPDB/IOBJ from previous compilation was found.
  Создание кода завершено
  Emorec.vcxproj -> D:\Projects\Emorec\x64\Release\Emorec.exe
